<?xml version="1.0" encoding="UTF-8"?>
<testng-results ignored="0" total="1" passed="1" failed="0" skipped="0">
  <reporter-output>
  </reporter-output>
  <suite started-at="2024-08-12T17:03:42 IST" name="Default suite" finished-at="2024-08-12T17:03:44 IST" duration-ms="2228">
    <groups>
    </groups>
    <test started-at="2024-08-12T17:03:42 IST" name="Default test" finished-at="2024-08-12T17:03:44 IST" duration-ms="2228">
      <class name="practice.SampleTestUsingMtdChaining">
        <test-method signature="getRequestTest()[pri:0, instance:practice.SampleTestUsingMtdChaining@5677323c]" started-at="2024-08-12T17:03:42 IST" name="getRequestTest" finished-at="2024-08-12T17:03:44 IST" duration-ms="2139" status="PASS">
          <reporter-output>
          </reporter-output>
        </test-method> <!-- getRequestTest -->
      </class> <!-- practice.SampleTestUsingMtdChaining -->
    </test> <!-- Default test -->
  </suite> <!-- Default suite -->
</testng-results>
